Usage: scanimage [OPTION]...

Start image acquisition on a scanner device and write image data to
standard output.

Parameters are separated by a blank from single-character options (e.g.
-d epson) and by a "=" from multi-character options (e.g. --device-name=epson).
-d, --device-name=DEVICE   use a given scanner device (e.g. hp:/dev/scanner)
    --format=pnm|tiff|png|jpeg  file format of output file
-i, --icc-profile=PROFILE  include this ICC profile into TIFF file
-L, --list-devices         show available scanner devices
-f, --formatted-device-list=FORMAT similar to -L, but the FORMAT of the output
                           can be specified: %d (device name), %v (vendor),
                           %m (model), %t (type), %i (index number), and
                           %n (newline)
-b, --batch[=FORMAT]       working in batch mode, FORMAT is `out%d.pnm' `out%d.tif'
                           `out%d.png' or `out%d.jpg' by default depending on --format
    --batch-start=#        page number to start naming files with
    --batch-count=#        how many pages to scan in batch mode
    --batch-increment=#    increase page number in filename by #
    --batch-double         increment page number by two, same as
                           --batch-increment=2
    --batch-print          print image filenames to stdout
    --batch-prompt         ask for pressing a key before scanning a page
    --accept-md5-only      only accept authorization requests using md5
-p, --progress             print progress messages
-n, --dont-scan            only set options, don't actually scan
-T, --test                 test backend thoroughly
-A, --all-options          list all available backend options
-h, --help                 display this help message and exit
-v, --verbose              give even more status messages
-B, --buffer-size=#        change input buffer size (in kB, default 32)
-V, --version              print version information

Options specific to device `lexmark_nscan:libnet/SPECIFY_DEVICE':
  Scanner:
    --ip-address <string> [0.0.0.0]
        The IP address / hostname associated with this scan job.
  Profile Information:
    --user-name <string> [current]
        The user name associated with this scan job.
    --profile-name <string> [Scan_01]
        The profile name associated with this scan job.
  Image Settings:
    --content-type Text|Text/Graphics|Photo [Text/Graphics]
        Indicates the type of material to be scanned.
    --scan-resolution 75|150|200|300|400|600|1200dpi [150]
        The resolution of the scan job in dots per inch.
    --mode 1-bit Black & White|8-bit Grayscale|24-bit Color [1-bit Black & White]
        The color depth of the scan job.
    --content-source Black and White Laser|Color Laser|Inkjet Plain|Inkjet Glossy|Retail Photo|Photo|Magazine|Newspaper|Brochure|Auto/Other [Black and White Laser]
        Content Source.
    --original-size Letter|Executive|Legal|A3|A4|A5|A6|B4|B5|Tabloid|Folio|Statement|3x5 Photo|4x6 Photo|3.5x5 in|4x8 in|5x7 in|8x10 in|L|2L|Hagaki|9x13 cm|10x15 cm|10x20 cm|13x18 cm|20x25 cm|Business Card|Book Original|Auto Size|Mixed Size|Universal|Oficio (México)|Custom Scan Size 1|Custom Scan Size 2|Custom Scan Size 3|Custom Scan Size 4|Custom Scan Size 5|Custom Scan Size 6 [Letter]
        The size of the area to be scanned.
    --orientation Portrait|Landscape [Portrait]
        The orientation of the scan output.
    --scan-both-sides[=(yes|no)] [no]
        Scan both sides of the document.
    --scan-now[=(yes|no)] [no]
        Start scan operation immediately.
    --source Single Page|Multiple Pages [Single Page]
        Indicates the number of pages to be scanned.
  Advanced Settings:
    --brightness 1..9 (in steps of 1) [5]
        Adjusts the brightness setting for this scan.
    --contrast 0..5 (in steps of 1) [0]
        Adjusts the contrast setting used for this scan.
  Advance Imaging:
    --mirrorimage[=(yes|no)] [inactive]
        Scans the image then rotates it 180 degrees horizontally.
    --negativeimage[=(yes|no)] [inactive]
        Negative Image.
    --blankpageremoval[=(yes|no)] [inactive]
        Blank Page Removal.
    --colordropout None|Red|Green|Blue [None]
        Color Dropout.
    --colordropoutthreshold 0..254 (in steps of 1) [inactive]
        Color Dropout Threshold.
    --bkgremoval -4..4 (in steps of 1) [0]
        Background Removal.
    --reset [inactive]
        Resets advance imaging options to its default value.

Type ``scanimage --help -d DEVICE'' to get list of all options for DEVICE.

List of available devices:
    lexmark_nscan:libnet/SPECIFY_DEVICE lexmark_nscan:libnet/001122334455
